<?xml version="1.0" encoding="UTF-8"?>
<!-- Generated by org.testng.reporters.JUnitReportReporter -->
<testsuite skipped="0" hostname="DESKTOP-DB362N9" name="com.seleniumTest.exampleSelenium.Test01" tests="1" failures="0" timestamp="06 oct 2018 13:46:10 GMT" time="38.393" errors="0">
  <testcase name="exampleTest" time="38.393" classname="com.seleniumTest.exampleSelenium.Test01"/>
</testsuite> <!-- com.seleniumTest.exampleSelenium.Test01 -->
